<?xml version="1.0" encoding="UTF-8"?>
<testng-results skipped="0" failed="0" total="23" passed="23">
  <reporter-output>
  </reporter-output>
  <suite name="Command line suite" duration-ms="3170" started-at="2016-07-02T13:46:43Z" finished-at="2016-07-02T13:46:46Z">
    <groups>
    </groups>
    <test name="Command line test" duration-ms="3170" started-at="2016-07-02T13:46:43Z" finished-at="2016-07-02T13:46:46Z">
      <class name="com.websystique.springmvc.controller.AppControllerTest">
        <test-method status="PASS" signature="setUp()[pri:0, instance:com.websystique.springmvc.controller.AppControllerTest@76707e36]" name="setUp" is-config="true" duration-ms="417" started-at="2016-07-02T19:16:43Z" finished-at="2016-07-02T19:16:43Z">
          <reporter-output>
          </reporter-output>
        </test-method> <!-- setUp -->
        <test-method status="PASS" signature="deleteEmployee()[pri:0, instance:com.websystique.springmvc.controller.AppControllerTest@76707e36]" name="deleteEmployee" duration-ms="22" started-at="2016-07-02T19:16:43Z" finished-at="2016-07-02T19:16:43Z">
          <reporter-output>
          </reporter-output>
        </test-method> <!-- deleteEmployee -->
        <test-method status="PASS" signature="editEmployee()[pri:0, instance:com.websystique.springmvc.controller.AppControllerTest@76707e36]" name="editEmployee" duration-ms="16" started-at="2016-07-02T19:16:43Z" finished-at="2016-07-02T19:16:43Z">
          <reporter-output>
          </reporter-output>
        </test-method> <!-- editEmployee -->
        <test-method status="PASS" signature="saveEmployeeWithSuccess()[pri:0, instance:com.websystique.springmvc.controller.AppControllerTest@76707e36]" name="saveEmployeeWithSuccess" duration-ms="0" started-at="2016-07-02T19:16:43Z" finished-at="2016-07-02T19:16:43Z">
          <reporter-output>
          </reporter-output>
        </test-method> <!-- saveEmployeeWithSuccess -->
        <test-method status="PASS" signature="saveEmployeeWithValidationError()[pri:0, instance:com.websystique.springmvc.controller.AppControllerTest@76707e36]" name="saveEmployeeWithValidationError" duration-ms="16" started-at="2016-07-02T19:16:43Z" finished-at="2016-07-02T19:16:43Z">
          <reporter-output>
          </reporter-output>
        </test-method> <!-- saveEmployeeWithValidationError -->
        <test-method status="PASS" signature="newEmployee()[pri:0, instance:com.websystique.springmvc.controller.AppControllerTest@76707e36]" name="newEmployee" duration-ms="0" started-at="2016-07-02T19:16:43Z" finished-at="2016-07-02T19:16:43Z">
          <reporter-output>
          </reporter-output>
        </test-method> <!-- newEmployee -->
        <test-method status="PASS" signature="listEmployees()[pri:0, instance:com.websystique.springmvc.controller.AppControllerTest@76707e36]" name="listEmployees" duration-ms="0" started-at="2016-07-02T19:16:43Z" finished-at="2016-07-02T19:16:43Z">
          <reporter-output>
          </reporter-output>
        </test-method> <!-- listEmployees -->
        <test-method status="PASS" signature="updateEmployeeWithValidationErrorNonUniqueSSN()[pri:0, instance:com.websystique.springmvc.controller.AppControllerTest@76707e36]" name="updateEmployeeWithValidationErrorNonUniqueSSN" duration-ms="0" started-at="2016-07-02T19:16:43Z" finished-at="2016-07-02T19:16:43Z">
          <reporter-output>
          </reporter-output>
        </test-method> <!-- updateEmployeeWithValidationErrorNonUniqueSSN -->
        <test-method status="PASS" signature="saveEmployeeWithValidationErrorNonUniqueSSN()[pri:0, instance:com.websystique.springmvc.controller.AppControllerTest@76707e36]" name="saveEmployeeWithValidationErrorNonUniqueSSN" duration-ms="0" started-at="2016-07-02T19:16:43Z" finished-at="2016-07-02T19:16:43Z">
          <reporter-output>
          </reporter-output>
        </test-method> <!-- saveEmployeeWithValidationErrorNonUniqueSSN -->
        <test-method status="PASS" signature="updateEmployeeWithValidationError()[pri:0, instance:com.websystique.springmvc.controller.AppControllerTest@76707e36]" name="updateEmployeeWithValidationError" duration-ms="0" started-at="2016-07-02T19:16:43Z" finished-at="2016-07-02T19:16:43Z">
          <reporter-output>
          </reporter-output>
        </test-method> <!-- updateEmployeeWithValidationError -->
        <test-method status="PASS" signature="updateEmployeeWithSuccess()[pri:0, instance:com.websystique.springmvc.controller.AppControllerTest@76707e36]" name="updateEmployeeWithSuccess" duration-ms="0" started-at="2016-07-02T19:16:43Z" finished-at="2016-07-02T19:16:43Z">
          <reporter-output>
          </reporter-output>
        </test-method> <!-- updateEmployeeWithSuccess -->
      </class> <!-- com.websystique.springmvc.controller.AppControllerTest -->
      <class name="com.websystique.springmvc.service.EmployeeServiceImplTest">
        <test-method status="PASS" signature="setUp()[pri:0, instance:com.websystique.springmvc.service.EmployeeServiceImplTest@1f7030a6]" name="setUp" is-config="true" duration-ms="8" started-at="2016-07-02T19:16:46Z" finished-at="2016-07-02T19:16:46Z">
          <reporter-output>
          </reporter-output>
        </test-method> <!-- setUp -->
        <test-method status="PASS" signature="deleteEmployeeBySsn()[pri:0, instance:com.websystique.springmvc.service.EmployeeServiceImplTest@1f7030a6]" name="deleteEmployeeBySsn" duration-ms="0" started-at="2016-07-02T19:16:46Z" finished-at="2016-07-02T19:16:46Z">
          <reporter-output>
          </reporter-output>
        </test-method> <!-- deleteEmployeeBySsn -->
        <test-method status="PASS" signature="findAllEmployees()[pri:0, instance:com.websystique.springmvc.service.EmployeeServiceImplTest@1f7030a6]" name="findAllEmployees" duration-ms="0" started-at="2016-07-02T19:16:46Z" finished-at="2016-07-02T19:16:46Z">
          <reporter-output>
          </reporter-output>
        </test-method> <!-- findAllEmployees -->
        <test-method status="PASS" signature="findById()[pri:0, instance:com.websystique.springmvc.service.EmployeeServiceImplTest@1f7030a6]" name="findById" duration-ms="0" started-at="2016-07-02T19:16:46Z" finished-at="2016-07-02T19:16:46Z">
          <reporter-output>
          </reporter-output>
        </test-method> <!-- findById -->
        <test-method status="PASS" signature="findEmployeeBySsn()[pri:0, instance:com.websystique.springmvc.service.EmployeeServiceImplTest@1f7030a6]" name="findEmployeeBySsn" duration-ms="1" started-at="2016-07-02T19:16:46Z" finished-at="2016-07-02T19:16:46Z">
          <reporter-output>
          </reporter-output>
        </test-method> <!-- findEmployeeBySsn -->
        <test-method status="PASS" signature="isEmployeeSsnUnique()[pri:0, instance:com.websystique.springmvc.service.EmployeeServiceImplTest@1f7030a6]" name="isEmployeeSsnUnique" duration-ms="1" started-at="2016-07-02T19:16:46Z" finished-at="2016-07-02T19:16:46Z">
          <reporter-output>
          </reporter-output>
        </test-method> <!-- isEmployeeSsnUnique -->
        <test-method status="PASS" signature="saveEmployee()[pri:0, instance:com.websystique.springmvc.service.EmployeeServiceImplTest@1f7030a6]" name="saveEmployee" duration-ms="1" started-at="2016-07-02T19:16:46Z" finished-at="2016-07-02T19:16:46Z">
          <reporter-output>
          </reporter-output>
        </test-method> <!-- saveEmployee -->
        <test-method status="PASS" signature="updateEmployee()[pri:0, instance:com.websystique.springmvc.service.EmployeeServiceImplTest@1f7030a6]" name="updateEmployee" duration-ms="1" started-at="2016-07-02T19:16:46Z" finished-at="2016-07-02T19:16:46Z">
          <reporter-output>
          </reporter-output>
        </test-method> <!-- updateEmployee -->
      </class> <!-- com.websystique.springmvc.service.EmployeeServiceImplTest -->
      <class name="com.websystique.springmvc.dao.EmployeeDaoImplTest">
        <test-method status="PASS" signature="springTestContextPrepareTestInstance()[pri:0, instance:com.websystique.springmvc.dao.EmployeeDaoImplTest@184f6be2]" name="springTestContextPrepareTestInstance" is-config="true" duration-ms="2194" started-at="2016-07-02T19:16:43Z" depends-on-methods="org.springframework.test.context.testng.AbstractTestNGSpringContextTests.springTestContextBeforeTestClass" finished-at="2016-07-02T19:16:45Z">
          <reporter-output>
          </reporter-output>
        </test-method> <!-- springTestContextPrepareTestInstance -->
        <test-method status="PASS" signature="springTestContextBeforeTestClass()[pri:0, instance:com.websystique.springmvc.dao.EmployeeDaoImplTest@184f6be2]" name="springTestContextBeforeTestClass" is-config="true" duration-ms="0" started-at="2016-07-02T19:16:43Z" finished-at="2016-07-02T19:16:43Z">
          <reporter-output>
          </reporter-output>
        </test-method> <!-- springTestContextBeforeTestClass -->
        <test-method status="PASS" signature="springTestContextBeforeTestMethod(java.lang.reflect.Method)[pri:0, instance:com.websystique.springmvc.dao.EmployeeDaoImplTest@184f6be2]" name="springTestContextBeforeTestMethod" is-config="true" duration-ms="50" started-at="2016-07-02T19:16:45Z" finished-at="2016-07-02T19:16:45Z">
          <params>
            <param index="0">
              <value>
                <![CDATA[public void com.websystique.springmvc.dao.EmployeeDaoImplTest.deleteEmployeeByInvalidSsn()]]>
              </value>
            </param>
          </params>
          <reporter-output>
          </reporter-output>
        </test-method> <!-- springTestContextBeforeTestMethod -->
        <test-method status="PASS" signature="setUp()[pri:0, instance:com.websystique.springmvc.dao.EmployeeDaoImplTest@184f6be2]" name="setUp" is-config="true" duration-ms="150" started-at="2016-07-02T19:16:45Z" finished-at="2016-07-02T19:16:46Z">
          <reporter-output>
          </reporter-output>
        </test-method> <!-- setUp -->
        <test-method status="PASS" signature="deleteEmployeeByInvalidSsn()[pri:0, instance:com.websystique.springmvc.dao.EmployeeDaoImplTest@184f6be2]" name="deleteEmployeeByInvalidSsn" duration-ms="82" started-at="2016-07-02T19:16:46Z" finished-at="2016-07-02T19:16:46Z">
          <reporter-output>
          </reporter-output>
        </test-method> <!-- deleteEmployeeByInvalidSsn -->
        <test-method status="PASS" signature="springTestContextAfterTestMethod(java.lang.reflect.Method)[pri:0, instance:com.websystique.springmvc.dao.EmployeeDaoImplTest@184f6be2]" name="springTestContextAfterTestMethod" is-config="true" duration-ms="15" started-at="2016-07-02T19:16:46Z" finished-at="2016-07-02T19:16:46Z">
          <params>
            <param index="0">
              <value>
                <![CDATA[public void com.websystique.springmvc.dao.EmployeeDaoImplTest.deleteEmployeeByInvalidSsn()]]>
              </value>
            </param>
          </params>
          <reporter-output>
          </reporter-output>
        </test-method> <!-- springTestContextAfterTestMethod -->
        <test-method status="PASS" signature="springTestContextBeforeTestMethod(java.lang.reflect.Method)[pri:0, instance:com.websystique.springmvc.dao.EmployeeDaoImplTest@184f6be2]" name="springTestContextBeforeTestMethod" is-config="true" duration-ms="1" started-at="2016-07-02T19:16:46Z" finished-at="2016-07-02T19:16:46Z">
          <params>
            <param index="0">
              <value>
                <![CDATA[public void com.websystique.springmvc.dao.EmployeeDaoImplTest.deleteEmployeeBySsn()]]>
              </value>
            </param>
          </params>
          <reporter-output>
          </reporter-output>
        </test-method> <!-- springTestContextBeforeTestMethod -->
        <test-method status="PASS" signature="setUp()[pri:0, instance:com.websystique.springmvc.dao.EmployeeDaoImplTest@184f6be2]" name="setUp" is-config="true" duration-ms="0" started-at="2016-07-02T19:16:46Z" finished-at="2016-07-02T19:16:46Z">
          <reporter-output>
          </reporter-output>
        </test-method> <!-- setUp -->
        <test-method status="PASS" signature="deleteEmployeeBySsn()[pri:0, instance:com.websystique.springmvc.dao.EmployeeDaoImplTest@184f6be2]" name="deleteEmployeeBySsn" duration-ms="0" started-at="2016-07-02T19:16:46Z" finished-at="2016-07-02T19:16:46Z">
          <reporter-output>
          </reporter-output>
        </test-method> <!-- deleteEmployeeBySsn -->
        <test-method status="PASS" signature="springTestContextAfterTestMethod(java.lang.reflect.Method)[pri:0, instance:com.websystique.springmvc.dao.EmployeeDaoImplTest@184f6be2]" name="springTestContextAfterTestMethod" is-config="true" duration-ms="16" started-at="2016-07-02T19:16:46Z" finished-at="2016-07-02T19:16:46Z">
          <params>
            <param index="0">
              <value>
                <![CDATA[public void com.websystique.springmvc.dao.EmployeeDaoImplTest.deleteEmployeeBySsn()]]>
              </value>
            </param>
          </params>
          <reporter-output>
          </reporter-output>
        </test-method> <!-- springTestContextAfterTestMethod -->
        <test-method status="PASS" signature="springTestContextBeforeTestMethod(java.lang.reflect.Method)[pri:0, instance:com.websystique.springmvc.dao.EmployeeDaoImplTest@184f6be2]" name="springTestContextBeforeTestMethod" is-config="true" duration-ms="0" started-at="2016-07-02T19:16:46Z" finished-at="2016-07-02T19:16:46Z">
          <params>
            <param index="0">
              <value>
                <![CDATA[public void com.websystique.springmvc.dao.EmployeeDaoImplTest.findAllEmployees()]]>
              </value>
            </param>
          </params>
          <reporter-output>
          </reporter-output>
        </test-method> <!-- springTestContextBeforeTestMethod -->
        <test-method status="PASS" signature="setUp()[pri:0, instance:com.websystique.springmvc.dao.EmployeeDaoImplTest@184f6be2]" name="setUp" is-config="true" duration-ms="16" started-at="2016-07-02T19:16:46Z" finished-at="2016-07-02T19:16:46Z">
          <reporter-output>
          </reporter-output>
        </test-method> <!-- setUp -->
        <test-method status="PASS" signature="springTestContextBeforeTestMethod(java.lang.reflect.Method)[pri:0, instance:com.websystique.springmvc.dao.EmployeeDaoImplTest@184f6be2]" name="springTestContextBeforeTestMethod" is-config="true" duration-ms="0" started-at="2016-07-02T19:16:46Z" finished-at="2016-07-02T19:16:46Z">
          <params>
            <param index="0">
              <value>
                <![CDATA[public void com.websystique.springmvc.dao.EmployeeDaoImplTest.findById()]]>
              </value>
            </param>
          </params>
          <reporter-output>
          </reporter-output>
        </test-method> <!-- springTestContextBeforeTestMethod -->
        <test-method status="PASS" signature="setUp()[pri:0, instance:com.websystique.springmvc.dao.EmployeeDaoImplTest@184f6be2]" name="setUp" is-config="true" duration-ms="15" started-at="2016-07-02T19:16:46Z" finished-at="2016-07-02T19:16:46Z">
          <reporter-output>
          </reporter-output>
        </test-method> <!-- setUp -->
        <test-method status="PASS" signature="springTestContextAfterTestMethod(java.lang.reflect.Method)[pri:0, instance:com.websystique.springmvc.dao.EmployeeDaoImplTest@184f6be2]" name="springTestContextAfterTestMethod" is-config="true" duration-ms="0" started-at="2016-07-02T19:16:46Z" finished-at="2016-07-02T19:16:46Z">
          <params>
            <param index="0">
              <value>
                <![CDATA[public void com.websystique.springmvc.dao.EmployeeDaoImplTest.findAllEmployees()]]>
              </value>
            </param>
          </params>
          <reporter-output>
          </reporter-output>
        </test-method> <!-- springTestContextAfterTestMethod -->
        <test-method status="PASS" signature="findAllEmployees()[pri:0, instance:com.websystique.springmvc.dao.EmployeeDaoImplTest@184f6be2]" name="findAllEmployees" duration-ms="0" started-at="2016-07-02T19:16:46Z" finished-at="2016-07-02T19:16:46Z">
          <reporter-output>
          </reporter-output>
        </test-method> <!-- findAllEmployees -->
        <test-method status="PASS" signature="findById()[pri:0, instance:com.websystique.springmvc.dao.EmployeeDaoImplTest@184f6be2]" name="findById" duration-ms="36" started-at="2016-07-02T19:16:46Z" finished-at="2016-07-02T19:16:46Z">
          <reporter-output>
          </reporter-output>
        </test-method> <!-- findById -->
        <test-method status="PASS" signature="findEmployeeBySsn()[pri:0, instance:com.websystique.springmvc.dao.EmployeeDaoImplTest@184f6be2]" name="findEmployeeBySsn" duration-ms="16" started-at="2016-07-02T19:16:46Z" finished-at="2016-07-02T19:16:46Z">
          <reporter-output>
          </reporter-output>
        </test-method> <!-- findEmployeeBySsn -->
        <test-method status="PASS" signature="springTestContextAfterTestMethod(java.lang.reflect.Method)[pri:0, instance:com.websystique.springmvc.dao.EmployeeDaoImplTest@184f6be2]" name="springTestContextAfterTestMethod" is-config="true" duration-ms="0" started-at="2016-07-02T19:16:46Z" finished-at="2016-07-02T19:16:46Z">
          <params>
            <param index="0">
              <value>
                <![CDATA[public void com.websystique.springmvc.dao.EmployeeDaoImplTest.findById()]]>
              </value>
            </param>
          </params>
          <reporter-output>
          </reporter-output>
        </test-method> <!-- springTestContextAfterTestMethod -->
        <test-method status="PASS" signature="springTestContextBeforeTestMethod(java.lang.reflect.Method)[pri:0, instance:com.websystique.springmvc.dao.EmployeeDaoImplTest@184f6be2]" name="springTestContextBeforeTestMethod" is-config="true" duration-ms="0" started-at="2016-07-02T19:16:46Z" finished-at="2016-07-02T19:16:46Z">
          <params>
            <param index="0">
              <value>
                <![CDATA[public void com.websystique.springmvc.dao.EmployeeDaoImplTest.findEmployeeBySsn()]]>
              </value>
            </param>
          </params>
          <reporter-output>
          </reporter-output>
        </test-method> <!-- springTestContextBeforeTestMethod -->
        <test-method status="PASS" signature="setUp()[pri:0, instance:com.websystique.springmvc.dao.EmployeeDaoImplTest@184f6be2]" name="setUp" is-config="true" duration-ms="0" started-at="2016-07-02T19:16:46Z" finished-at="2016-07-02T19:16:46Z">
          <reporter-output>
          </reporter-output>
        </test-method> <!-- setUp -->
        <test-method status="PASS" signature="springTestContextBeforeTestMethod(java.lang.reflect.Method)[pri:0, instance:com.websystique.springmvc.dao.EmployeeDaoImplTest@184f6be2]" name="springTestContextBeforeTestMethod" is-config="true" duration-ms="16" started-at="2016-07-02T19:16:46Z" finished-at="2016-07-02T19:16:46Z">
          <params>
            <param index="0">
              <value>
                <![CDATA[public void com.websystique.springmvc.dao.EmployeeDaoImplTest.saveEmployee()]]>
              </value>
            </param>
          </params>
          <reporter-output>
          </reporter-output>
        </test-method> <!-- springTestContextBeforeTestMethod -->
        <test-method status="PASS" signature="springTestContextAfterTestMethod(java.lang.reflect.Method)[pri:0, instance:com.websystique.springmvc.dao.EmployeeDaoImplTest@184f6be2]" name="springTestContextAfterTestMethod" is-config="true" duration-ms="0" started-at="2016-07-02T19:16:46Z" finished-at="2016-07-02T19:16:46Z">
          <params>
            <param index="0">
              <value>
                <![CDATA[public void com.websystique.springmvc.dao.EmployeeDaoImplTest.findEmployeeBySsn()]]>
              </value>
            </param>
          </params>
          <reporter-output>
          </reporter-output>
        </test-method> <!-- springTestContextAfterTestMethod -->
        <test-method status="PASS" signature="saveEmployee()[pri:0, instance:com.websystique.springmvc.dao.EmployeeDaoImplTest@184f6be2]" name="saveEmployee" duration-ms="31" started-at="2016-07-02T19:16:46Z" finished-at="2016-07-02T19:16:46Z">
          <reporter-output>
          </reporter-output>
        </test-method> <!-- saveEmployee -->
        <test-method status="PASS" signature="setUp()[pri:0, instance:com.websystique.springmvc.dao.EmployeeDaoImplTest@184f6be2]" name="setUp" is-config="true" duration-ms="0" started-at="2016-07-02T19:16:46Z" finished-at="2016-07-02T19:16:46Z">
          <reporter-output>
          </reporter-output>
        </test-method> <!-- setUp -->
        <test-method status="PASS" signature="springTestContextAfterTestMethod(java.lang.reflect.Method)[pri:0, instance:com.websystique.springmvc.dao.EmployeeDaoImplTest@184f6be2]" name="springTestContextAfterTestMethod" is-config="true" duration-ms="26" started-at="2016-07-02T19:16:46Z" finished-at="2016-07-02T19:16:46Z">
          <params>
            <param index="0">
              <value>
                <![CDATA[public void com.websystique.springmvc.dao.EmployeeDaoImplTest.saveEmployee()]]>
              </value>
            </param>
          </params>
          <reporter-output>
          </reporter-output>
        </test-method> <!-- springTestContextAfterTestMethod -->
        <test-method status="PASS" signature="springTestContextAfterTestClass()[pri:0, instance:com.websystique.springmvc.dao.EmployeeDaoImplTest@184f6be2]" name="springTestContextAfterTestClass" is-config="true" duration-ms="1" started-at="2016-07-02T19:16:46Z" finished-at="2016-07-02T19:16:46Z">
          <reporter-output>
          </reporter-output>
        </test-method> <!-- springTestContextAfterTestClass -->
      </class> <!-- com.websystique.springmvc.dao.EmployeeDaoImplTest -->
    </test> <!-- Command line test -->
  </suite> <!-- Command line suite -->
</testng-results>
